Connecting to MQTT as switch1_relay_from at: mqtt
Connecting to MQTT as switch1_relay_to at: mqtt.thegame.folly.site
Connection returned result: 
Subscribed to +/+/+
{'+/+/+': <function relay_message_to_master at 0x76448db0>}
on_message mqtt/audio/status
topic_matches_sub(+/+/+, mqtt/audio/status)
match
<function relay_message_to_master at 0x76448db0>
HHRAW: mqtt/audio/status: {"status": "listening", "device": "audio", "time": "2018-12-18T08:19:34.981392"}
DECODED: mqtt/audio/status: {'time': '2018-12-18T08:19:34.981392', 'device': 'audio', 'status': 'listening'}
Relaying to master: mqtt/audio/status, {'time': '2018-12-18T08:19:34.981392', 'relay_from': 'switch1', 'device': 'audio', 'status': 'listening'}
Retain: mqtt/audio/status
on_message mqtt/controller/status
topic_matches_sub(+/+/+, mqtt/controller/status)
match
<function relay_message_to_master at 0x76448db0>
HHRAW: mqtt/controller/status: {"time": "2018-12-18T08:19:33.138600", "device": "controller", "status": "listening"}
DECODED: mqtt/controller/status: {'time': '2018-12-18T08:19:33.138600', 'status': 'listening', 'device': 'controller'}
Relaying to master: mqtt/controller/status, {'time': '2018-12-18T08:19:33.138600', 'relay_from': 'switch1', 'status': 'listening', 'device': 'controller'}
Retain: mqtt/controller/status
on_message mqtt/relay_from/status
topic_matches_sub(+/+/+, mqtt/relay_from/status)
match
<function relay_message_to_master at 0x76448db0>
HHRAW: mqtt/relay_from/status: {"device": "relay_from", "time": "2018-12-16T23:38:36.018019", "status": "listening"}
DECODED: mqtt/relay_from/status: {'time': '2018-12-16T23:38:36.018019', 'status': 'listening', 'device': 'relay_from'}
Relaying to master: mqtt/relay_from/status, {'time': '2018-12-16T23:38:36.018019', 'relay_from': 'switch1', 'status': 'listening', 'device': 'relay_from'}
Retain: mqtt/relay_from/status
on_message two/neopixel/status
topic_matches_sub(+/+/+, two/neopixel/status)
match
<function relay_message_to_master at 0x76448db0>
HHRAW: two/neopixel/status: {"time": "2018-12-08T04:36:33.167486", "device": "neopixel", "status": "listening", "relay_from": "yoga260"}
DECODED: two/neopixel/status: {'time': '2018-12-08T04:36:33.167486', 'relay_from': 'yoga260', 'status': 'listening', 'device': 'neopixel'}
on_message two/relay_from/status
topic_matches_sub(+/+/+, two/relay_from/status)
match
<function relay_message_to_master at 0x76448db0>
HHRAW: two/relay_from/status: {"time": "2018-12-08T04:36:32.136980", "device": "relay_from", "status": "listening", "relay_from": "yoga260"}
DECODED: two/relay_from/status: {'time': '2018-12-08T04:36:32.136980', 'relay_from': 'yoga260', 'status': 'listening', 'device': 'relay_from'}
on_message two/rfid-nfc/status
topic_matches_sub(+/+/+, two/rfid-nfc/status)
match
<function relay_message_to_master at 0x76448db0>
HHRAW: two/rfid-nfc/status: {"time": "2018-11-17T06:51:43.167299", "devices": ["ACS ACR122U 00 00"], "device": "rfid-nfc", "status": "listening", "relay_from": "yoga260"}
DECODED: two/rfid-nfc/status: {'time': '2018-11-17T06:51:43.167299', 'relay_from': 'yoga260', 'status': 'listening', 'devices': ['ACS ACR122U 00 00'], 'device': 'rfid-nfc'}
on_message two/controller/status
topic_matches_sub(+/+/+, two/controller/status)
match
<function relay_message_to_master at 0x76448db0>
HHRAW: two/controller/status: {"time": "2018-12-08T00:22:39.471735", "device": "controller", "status": "listening", "relay_from": "yoga260"}
DECODED: two/controller/status: {'time': '2018-12-08T00:22:39.471735', 'relay_from': 'yoga260', 'status': 'listening', 'device': 'controller'}
on_message cauldron/relay_from/status
topic_matches_sub(+/+/+, cauldron/relay_from/status)
match
<function relay_message_to_master at 0x76448db0>
HHRAW: cauldron/relay_from/status: {"time": "2018-12-18T07:45:48.053952", "device": "relay_from", "status": "listening"}
DECODED: cauldron/relay_from/status: {'time': '2018-12-18T07:45:48.053952', 'status': 'listening', 'device': 'relay_from'}
Relaying to master: cauldron/relay_from/status, {'time': '2018-12-18T07:45:48.053952', 'relay_from': 'switch1', 'status': 'listening', 'device': 'relay_from'}
Retain: cauldron/relay_from/status
on_message cauldron/neopixel/status
topic_matches_sub(+/+/+, cauldron/neopixel/status)
match
<function relay_message_to_master at 0x76448db0>
HHRAW: cauldron/neopixel/status: {"status": "listening", "device": "neopixel", "time": "2018-12-18T07:45:48.698353"}
DECODED: cauldron/neopixel/status: {'time': '2018-12-18T07:45:48.698353', 'device': 'neopixel', 'status': 'listening'}
Relaying to master: cauldron/neopixel/status, {'time': '2018-12-18T07:45:48.698353', 'relay_from': 'switch1', 'device': 'neopixel', 'status': 'listening'}
Retain: cauldron/neopixel/status
on_message cauldron/audio/status
topic_matches_sub(+/+/+, cauldron/audio/status)
match
<function relay_message_to_master at 0x76448db0>
HHRAW: cauldron/audio/status: {"device": "audio", "time": "2018-12-18T07:45:48.682316", "status": "listening"}
DECODED: cauldron/audio/status: {'time': '2018-12-18T07:45:48.682316', 'status': 'listening', 'device': 'audio'}
Relaying to master: cauldron/audio/status, {'time': '2018-12-18T07:45:48.682316', 'relay_from': 'switch1', 'status': 'listening', 'device': 'audio'}
Retain: cauldron/audio/status
on_message cauldron/yellow-rfid/status
topic_matches_sub(+/+/+, cauldron/yellow-rfid/status)
match
<function relay_message_to_master at 0x76448db0>
HHRAW: cauldron/yellow-rfid/status: {"time": "2018-12-18T08:44:52.345839", "status": "listening", "power": [4, 160, 30490], "device": "yellow-rfid", "region": [9, 160, 34062900512291360], "version": 7471369, "model": "desktop uhf rfid (D-10X)"}
DECODED: cauldron/yellow-rfid/status: {'model': 'desktop uhf rfid (D-10X)', 'region': [9, 160, 34062900512291360], 'status': 'listening', 'time': '2018-12-18T08:44:52.345839', 'version': 7471369, 'power': [4, 160, 30490], 'device': 'yellow-rfid'}
Relaying to master: cauldron/yellow-rfid/status, {'model': 'desktop uhf rfid (D-10X)', 'region': [9, 160, 34062900512291360], 'status': 'listening', 'time': '2018-12-18T08:44:52.345839', 'relay_from': 'switch1', 'version': 7471369, 'power': [4, 160, 30490], 'device': 'yellow-rfid'}
Retain: cauldron/yellow-rfid/status
on_message cauldron/cauldron/status
topic_matches_sub(+/+/+, cauldron/cauldron/status)
match
<function relay_message_to_master at 0x76448db0>
HHRAW: cauldron/cauldron/status: {"device": "cauldron", "time": "2018-12-18T07:45:47.066610", "status": "listening"}
DECODED: cauldron/cauldron/status: {'time': '2018-12-18T07:45:47.066610', 'status': 'listening', 'device': 'cauldron'}
Relaying to master: cauldron/cauldron/status, {'time': '2018-12-18T07:45:47.066610', 'relay_from': 'switch1', 'status': 'listening', 'device': 'cauldron'}
Retain: cauldron/cauldron/status
on_message health1/neopixel/status
topic_matches_sub(+/+/+, health1/neopixel/status)
match
<function relay_message_to_master at 0x76448db0>
HHRAW: health1/neopixel/status: {"time": "2018-12-15T23:51:55.673706", "device": "neopixel", "status": "listening", "relay_from": "yoga260"}
DECODED: health1/neopixel/status: {'time': '2018-12-15T23:51:55.673706', 'relay_from': 'yoga260', 'status': 'listening', 'device': 'neopixel'}
on_message health1/relay_from/status
topic_matches_sub(+/+/+, health1/relay_from/status)
match
<function relay_message_to_master at 0x76448db0>
HHRAW: health1/relay_from/status: {"time": "2018-12-15T23:51:55.634362", "device": "relay_from", "status": "listening", "relay_from": "yoga260"}
DECODED: health1/relay_from/status: {'time': '2018-12-15T23:51:55.634362', 'relay_from': 'yoga260', 'status': 'listening', 'device': 'relay_from'}
on_message health1/audio/status
topic_matches_sub(+/+/+, health1/audio/status)
match
<function relay_message_to_master at 0x76448db0>
HHRAW: health1/audio/status: {"time": "2018-12-10T02:08:19.262153", "device": "audio", "status": "listening", "relay_from": "yoga260"}
DECODED: health1/audio/status: {'time': '2018-12-10T02:08:19.262153', 'relay_from': 'yoga260', 'status': 'listening', 'device': 'audio'}
on_message health1/rfid-nfc/status
topic_matches_sub(+/+/+, health1/rfid-nfc/status)
match
<function relay_message_to_master at 0x76448db0>
HHRAW: health1/rfid-nfc/status: {"time": "2018-12-10T03:16:34.789406", "devices": ["ACS ACR122U 00 00"], "device": "rfid-nfc", "status": "listening", "relay_from": "yoga260"}
DECODED: health1/rfid-nfc/status: {'time': '2018-12-10T03:16:34.789406', 'relay_from': 'yoga260', 'status': 'listening', 'devices': ['ACS ACR122U 00 00'], 'device': 'rfid-nfc'}
on_message health1/healthcontroller/status
topic_matches_sub(+/+/+, health1/healthcontroller/status)
match
<function relay_message_to_master at 0x76448db0>
HHRAW: health1/healthcontroller/status: {"time": "2018-12-15T23:51:54.272285", "device": "healthcontroller", "status": "listening", "relay_from": "yoga260"}
DECODED: health1/healthcontroller/status: {'time': '2018-12-15T23:51:54.272285', 'relay_from': 'yoga260', 'status': 'listening', 'device': 'healthcontroller'}
on_message health1/relay_to/status
topic_matches_sub(+/+/+, health1/relay_to/status)
match
<function relay_message_to_master at 0x76448db0>
HHRAW: health1/relay_to/status: {"time": "2018-12-15T06:50:08.078184", "device": "relay_to", "status": "listening", "relay_from": "yoga260"}
DECODED: health1/relay_to/status: {'time': '2018-12-15T06:50:08.078184', 'relay_from': 'yoga260', 'status': 'listening', 'device': 'relay_to'}
on_message podium1/relay_from/status
topic_matches_sub(+/+/+, podium1/relay_from/status)
match
<function relay_message_to_master at 0x76448db0>
HHRAW: podium1/relay_from/status: {"status": "listening", "time": "2018-12-17T00:23:33.562713", "device": "relay_from"}
DECODED: podium1/relay_from/status: {'time': '2018-12-17T00:23:33.562713', 'device': 'relay_from', 'status': 'listening'}
Relaying to master: podium1/relay_from/status, {'time': '2018-12-17T00:23:33.562713', 'relay_from': 'switch1', 'device': 'relay_from', 'status': 'listening'}
Retain: podium1/relay_from/status
on_message podium1/rfid-nfc/status
topic_matches_sub(+/+/+, podium1/rfid-nfc/status)
match
<function relay_message_to_master at 0x76448db0>
HHRAW: podium1/rfid-nfc/status: {"status": "listening", "device": "rfid-nfc", "devices": ["ACS ACR122U PICC Interface 00 00"], "time": "2018-12-17T00:23:33.506469"}
DECODED: podium1/rfid-nfc/status: {'time': '2018-12-17T00:23:33.506469', 'device': 'rfid-nfc', 'devices': ['ACS ACR122U PICC Interface 00 00'], 'status': 'listening'}
Relaying to master: podium1/rfid-nfc/status, {'time': '2018-12-17T00:23:33.506469', 'relay_from': 'switch1', 'device': 'rfid-nfc', 'devices': ['ACS ACR122U PICC Interface 00 00'], 'status': 'listening'}
Retain: podium1/rfid-nfc/status
on_message podium1/audio/status
topic_matches_sub(+/+/+, podium1/audio/status)
match
<function relay_message_to_master at 0x76448db0>
HHRAW: podium1/audio/status: {"device": "audio", "status": "listening", "time": "2018-12-17T00:23:32.902696"}
DECODED: podium1/audio/status: {'time': '2018-12-17T00:23:32.902696', 'status': 'listening', 'device': 'audio'}
Relaying to master: podium1/audio/status, {'time': '2018-12-17T00:23:32.902696', 'relay_from': 'switch1', 'status': 'listening', 'device': 'audio'}
Retain: podium1/audio/status
on_message podium1/neopixel/status
topic_matches_sub(+/+/+, podium1/neopixel/status)
match
<function relay_message_to_master at 0x76448db0>
HHRAW: podium1/neopixel/status: {"status": "listening", "device": "neopixel", "time": "2018-12-17T00:23:33.019428"}
DECODED: podium1/neopixel/status: {'time': '2018-12-17T00:23:33.019428', 'device': 'neopixel', 'status': 'listening'}
Relaying to master: podium1/neopixel/status, {'time': '2018-12-17T00:23:33.019428', 'relay_from': 'switch1', 'device': 'neopixel', 'status': 'listening'}
Retain: podium1/neopixel/status
on_message podium1/healthcontroller/status
topic_matches_sub(+/+/+, podium1/healthcontroller/status)
match
<function relay_message_to_master at 0x76448db0>
HHRAW: podium1/healthcontroller/status: {"time": "2018-12-10T03:21:05.564039", "device": "healthcontroller", "status": "listening", "relay_from": "yoga260"}
DECODED: podium1/healthcontroller/status: {'time': '2018-12-10T03:21:05.564039', 'relay_from': 'yoga260', 'status': 'listening', 'device': 'healthcontroller'}
on_message podium1/ThingMagic/status
topic_matches_sub(+/+/+, podium1/ThingMagic/status)
match
<function relay_message_to_master at 0x76448db0>
HHRAW: podium1/ThingMagic/status: {"power_range": [1990721536, 1990724236], "status": "listening", "model": "M6e Nano", "device": "ThingMagic", "region": "AU", "antennas": [1], "time": "2018-12-17T05:12:58.669766"}
DECODED: podium1/ThingMagic/status: {'power_range': [1990721536, 1990724236], 'model': 'M6e Nano', 'region': 'AU', 'time': '2018-12-17T05:12:58.669766', 'antennas': [1], 'status': 'listening', 'device': 'ThingMagic'}
Relaying to master: podium1/ThingMagic/status, {'power_range': [1990721536, 1990724236], 'model': 'M6e Nano', 'region': 'AU', 'time': '2018-12-17T05:12:58.669766', 'antennas': [1], 'status': 'listening', 'relay_from': 'switch1', 'device': 'ThingMagic'}
Retain: podium1/ThingMagic/status
on_message podium1/podium/status
topic_matches_sub(+/+/+, podium1/podium/status)
match
<function relay_message_to_master at 0x76448db0>
HHRAW: podium1/podium/status: {"status": "listening", "device": "podium", "time": "2018-12-17T00:23:32.275808"}
DECODED: podium1/podium/status: {'time': '2018-12-17T00:23:32.275808', 'device': 'podium', 'status': 'listening'}
Relaying to master: podium1/podium/status, {'time': '2018-12-17T00:23:32.275808', 'relay_from': 'switch1', 'device': 'podium', 'status': 'listening'}
Retain: podium1/podium/status
on_message yoga260/healthcontroller/status
topic_matches_sub(+/+/+, yoga260/healthcontroller/status)
match
<function relay_message_to_master at 0x76448db0>
HHRAW: yoga260/healthcontroller/status: {"time": "2018-12-10T13:12:28.923882", "device": "healthcontroller", "status": "STOPPED", "relay_from": "yoga260"}
DECODED: yoga260/healthcontroller/status: {'time': '2018-12-10T13:12:28.923882', 'relay_from': 'yoga260', 'status': 'STOPPED', 'device': 'healthcontroller'}
on_message yoga260/relay_from/status
topic_matches_sub(+/+/+, yoga260/relay_from/status)
match
<function relay_message_to_master at 0x76448db0>
HHRAW: yoga260/relay_from/status: {"status": "STOPPED", "device": "relay_from", "time": "2018-12-16T13:23:22.712072"}
DECODED: yoga260/relay_from/status: {'time': '2018-12-16T13:23:22.712072', 'device': 'relay_from', 'status': 'STOPPED'}
Relaying to master: yoga260/relay_from/status, {'time': '2018-12-16T13:23:22.712072', 'relay_from': 'switch1', 'device': 'relay_from', 'status': 'STOPPED'}
Retain: yoga260/relay_from/status
on_message yoga260/audio/status
topic_matches_sub(+/+/+, yoga260/audio/status)
match
<function relay_message_to_master at 0x76448db0>
HHRAW: yoga260/audio/status: {"time": "2018-12-14T21:20:25.464941", "device": "audio", "status": "STOPPED", "relay_from": "yoga260"}
DECODED: yoga260/audio/status: {'time': '2018-12-14T21:20:25.464941', 'relay_from': 'yoga260', 'status': 'STOPPED', 'device': 'audio'}
on_message yoga260/rfid-nfc/status
topic_matches_sub(+/+/+, yoga260/rfid-nfc/status)
match
<function relay_message_to_master at 0x76448db0>
HHRAW: yoga260/rfid-nfc/status: {"time": "2018-12-15T16:41:12.376288", "device": "rfid-nfc", "status": "STOPPED", "relay_from": "yoga260"}
DECODED: yoga260/rfid-nfc/status: {'time': '2018-12-15T16:41:12.376288', 'relay_from': 'yoga260', 'status': 'STOPPED', 'device': 'rfid-nfc'}
on_message yoga260/yellow-rfid/status
topic_matches_sub(+/+/+, yoga260/yellow-rfid/status)
match
<function relay_message_to_master at 0x76448db0>
HHRAW: yoga260/yellow-rfid/status: {"time": "2018-12-15T18:01:47.456935", "device": "yellow-rfid", "status": "STOPPED", "relay_from": "yoga260"}
DECODED: yoga260/yellow-rfid/status: {'time': '2018-12-15T18:01:47.456935', 'relay_from': 'yoga260', 'status': 'STOPPED', 'device': 'yellow-rfid'}
on_message yoga260/cauldron/status
topic_matches_sub(+/+/+, yoga260/cauldron/status)
match
<function relay_message_to_master at 0x76448db0>
HHRAW: yoga260/cauldron/status: {"time": "2018-12-14T21:21:28.769122", "device": "cauldron", "status": "STOPPED", "relay_from": "yoga260"}
DECODED: yoga260/cauldron/status: {'time': '2018-12-14T21:21:28.769122', 'relay_from': 'yoga260', 'status': 'STOPPED', 'device': 'cauldron'}
on_message yoga260/podium/status
topic_matches_sub(+/+/+, yoga260/podium/status)
match
<function relay_message_to_master at 0x76448db0>
HHRAW: yoga260/podium/status: {"time": "2018-12-14T21:21:56.163206", "device": "podium", "status": "STOPPED", "relay_from": "yoga260"}
DECODED: yoga260/podium/status: {'time': '2018-12-14T21:21:56.163206', 'relay_from': 'yoga260', 'status': 'STOPPED', 'device': 'podium'}
on_message yoga260/relay_to/status
topic_matches_sub(+/+/+, yoga260/relay_to/status)
match
<function relay_message_to_master at 0x76448db0>
HHRAW: yoga260/relay_to/status: {"time": "2018-12-16T13:20:01.630130", "relay_from": "mqtt.thegame.folly.site", "status": "STOPPED", "device": "relay_to"}
DECODED: yoga260/relay_to/status: {'time': '2018-12-16T13:20:01.630130', 'relay_from': 'mqtt.thegame.folly.site', 'device': 'relay_to', 'status': 'STOPPED'}
on_message Podium5/relay_from/status
topic_matches_sub(+/+/+, Podium5/relay_from/status)
match
<function relay_message_to_master at 0x76448db0>
HHRAW: Podium5/relay_from/status: {"time": "2018-11-17T04:22:22.687696", "device": "relay_from", "status": "STOPPED", "relay_from": "yoga260"}
DECODED: Podium5/relay_from/status: {'time': '2018-11-17T04:22:22.687696', 'relay_from': 'yoga260', 'status': 'STOPPED', 'device': 'relay_from'}
on_message Podium5/rfid-nfc/status
topic_matches_sub(+/+/+, Podium5/rfid-nfc/status)
match
<function relay_message_to_master at 0x76448db0>
HHRAW: Podium5/rfid-nfc/status: {"device": "rfid-nfc", "status": "STOPPED", "relay_from": "yoga260"}
DECODED: Podium5/rfid-nfc/status: {'relay_from': 'yoga260', 'status': 'STOPPED', 'device': 'rfid-nfc'}
on_message esp8266-84f3eb3b7c96/orb/status
topic_matches_sub(+/+/+, esp8266-84f3eb3b7c96/orb/status)
match
<function relay_message_to_master at 0x76448db0>
HHRAW: esp8266-84f3eb3b7c96/orb/status: {"time": "2018-12-11T15:12:04", "device": "orb", "status": "listening", "relay_from": "yoga260"}
DECODED: esp8266-84f3eb3b7c96/orb/status: {'time': '2018-12-11T15:12:04', 'relay_from': 'yoga260', 'status': 'listening', 'device': 'orb'}
on_message esp8266-84f3eb3b85a4/orb/status
topic_matches_sub(+/+/+, esp8266-84f3eb3b85a4/orb/status)
match
<function relay_message_to_master at 0x76448db0>
HHRAW: esp8266-84f3eb3b85a4/orb/status: {"status":"listening","device":"orb","time":"2018-12-18T22:27:34"}
DECODED: esp8266-84f3eb3b85a4/orb/status: {'time': '2018-12-18T22:27:34', 'device': 'orb', 'status': 'listening'}
Relaying to master: esp8266-84f3eb3b85a4/orb/status, {'time': '2018-12-18T22:27:34', 'relay_from': 'switch1', 'device': 'orb', 'status': 'listening'}
Retain: esp8266-84f3eb3b85a4/orb/status
on_message esp8266-84f3eb3b76c8/orb/status
topic_matches_sub(+/+/+, esp8266-84f3eb3b76c8/orb/status)
match
<function relay_message_to_master at 0x76448db0>
HHRAW: esp8266-84f3eb3b76c8/orb/status: {"time": "2018-12-11T15:14:04", "device": "orb", "status": "listening", "relay_from": "yoga260"}
DECODED: esp8266-84f3eb3b76c8/orb/status: {'time': '2018-12-11T15:14:04', 'relay_from': 'yoga260', 'status': 'listening', 'device': 'orb'}
on_message esp8266-84f3eb3b7c66/5RGBShield/status
topic_matches_sub(+/+/+, esp8266-84f3eb3b7c66/5RGBShield/status)
match
<function relay_message_to_master at 0x76448db0>
HHRAW: esp8266-84f3eb3b7c66/5RGBShield/status: {"time": "2018-12-15T07:52:24", "device": "5RGBShield", "status": "listening", "relay_from": "yoga260"}
DECODED: esp8266-84f3eb3b7c66/5RGBShield/status: {'time': '2018-12-15T07:52:24', 'relay_from': 'yoga260', 'status': 'listening', 'device': '5RGBShield'}
on_message esp32-30aea41d3c98/podiumbuttons/status
topic_matches_sub(+/+/+, esp32-30aea41d3c98/podiumbuttons/status)
match
<function relay_message_to_master at 0x76448db0>
HHRAW: esp32-30aea41d3c98/podiumbuttons/status: {"time": "1970-01-01T00:05:01", "device": "podiumbuttons", "status": "listening", "relay_from": "yoga260"}
DECODED: esp32-30aea41d3c98/podiumbuttons/status: {'time': '1970-01-01T00:05:01', 'relay_from': 'yoga260', 'status': 'listening', 'device': 'podiumbuttons'}
on_message esp32-30aea4ff4584/podiumbuttons/status
topic_matches_sub(+/+/+, esp32-30aea4ff4584/podiumbuttons/status)
match
<function relay_message_to_master at 0x76448db0>
HHRAW: esp32-30aea4ff4584/podiumbuttons/status: {"status":"listening","device":"podiumbuttons","time":"2018-12-18T04:45:07"}
DECODED: esp32-30aea4ff4584/podiumbuttons/status: {'time': '2018-12-18T04:45:07', 'device': 'podiumbuttons', 'status': 'listening'}
Relaying to master: esp32-30aea4ff4584/podiumbuttons/status, {'time': '2018-12-18T04:45:07', 'relay_from': 'switch1', 'device': 'podiumbuttons', 'status': 'listening'}
Retain: esp32-30aea4ff4584/podiumbuttons/status
on_message esp32-30aea4ff4584/silverpodium/status
topic_matches_sub(+/+/+, esp32-30aea4ff4584/silverpodium/status)
match
<function relay_message_to_master at 0x76448db0>
HHRAW: esp32-30aea4ff4584/silverpodium/status: {"status":"listening","device":"silverpodium","time":"2018-12-18T04:46:35"}
DECODED: esp32-30aea4ff4584/silverpodium/status: {'time': '2018-12-18T04:46:35', 'device': 'silverpodium', 'status': 'listening'}
Relaying to master: esp32-30aea4ff4584/silverpodium/status, {'time': '2018-12-18T04:46:35', 'relay_from': 'switch1', 'device': 'silverpodium', 'status': 'listening'}
Retain: esp32-30aea4ff4584/silverpodium/status
on_message esp8266-84f3eb3b8580/orb/status
topic_matches_sub(+/+/+, esp8266-84f3eb3b8580/orb/status)
match
<function relay_message_to_master at 0x76448db0>
HHRAW: esp8266-84f3eb3b8580/orb/status: {"time": "2018-12-14T01:41:02", "device": "orb", "status": "listening", "relay_from": "yoga260"}
DECODED: esp8266-84f3eb3b8580/orb/status: {'time': '2018-12-14T01:41:02', 'relay_from': 'yoga260', 'status': 'listening', 'device': 'orb'}
on_message esp8266-84f3eb3b8580/5RGBShield/status
topic_matches_sub(+/+/+, esp8266-84f3eb3b8580/5RGBShield/status)
match
<function relay_message_to_master at 0x76448db0>
HHRAW: esp8266-84f3eb3b8580/5RGBShield/status: {"time": "2018-12-14T01:42:42", "device": "5RGBShield", "status": "listening", "relay_from": "yoga260"}
DECODED: esp8266-84f3eb3b8580/5RGBShield/status: {'time': '2018-12-14T01:42:42', 'relay_from': 'yoga260', 'status': 'listening', 'device': '5RGBShield'}
on_message podium2/podium/status
topic_matches_sub(+/+/+, podium2/podium/status)
match
<function relay_message_to_master at 0x76448db0>
HHRAW: podium2/podium/status: {"time": "2018-12-16T09:45:16.882324", "device": "podium", "status": "listening", "relay_from": "yoga260"}
DECODED: podium2/podium/status: {'time': '2018-12-16T09:45:16.882324', 'relay_from': 'yoga260', 'status': 'listening', 'device': 'podium'}
on_message podium2/relay_from/status
topic_matches_sub(+/+/+, podium2/relay_from/status)
match
<function relay_message_to_master at 0x76448db0>
HHRAW: podium2/relay_from/status: {"time": "2018-12-16T09:45:17.010260", "device": "relay_from", "status": "listening", "relay_from": "yoga260"}
DECODED: podium2/relay_from/status: {'time': '2018-12-16T09:45:17.010260', 'relay_from': 'yoga260', 'status': 'listening', 'device': 'relay_from'}
on_message podium2/rfid-nfc/status
topic_matches_sub(+/+/+, podium2/rfid-nfc/status)
match
<function relay_message_to_master at 0x76448db0>
HHRAW: podium2/rfid-nfc/status: {"time": "2018-12-14T21:41:14.531221", "devices": ["ACS ACR122U PICC Interface 00 00"], "device": "rfid-nfc", "status": "listening", "relay_from": "yoga260"}
DECODED: podium2/rfid-nfc/status: {'time': '2018-12-14T21:41:14.531221', 'relay_from': 'yoga260', 'status': 'listening', 'devices': ['ACS ACR122U PICC Interface 00 00'], 'device': 'rfid-nfc'}
on_message podium2/neopixel/status
topic_matches_sub(+/+/+, podium2/neopixel/status)
match
<function relay_message_to_master at 0x76448db0>
HHRAW: podium2/neopixel/status: {"time": "2018-12-16T09:45:17.847181", "device": "neopixel", "status": "listening", "relay_from": "yoga260"}
DECODED: podium2/neopixel/status: {'time': '2018-12-16T09:45:17.847181', 'relay_from': 'yoga260', 'status': 'listening', 'device': 'neopixel'}
on_message podium2/audio/status
topic_matches_sub(+/+/+, podium2/audio/status)
match
<function relay_message_to_master at 0x76448db0>
HHRAW: podium2/audio/status: {"time": "2018-12-16T09:45:18.147883", "device": "audio", "status": "listening", "relay_from": "yoga260"}
DECODED: podium2/audio/status: {'time': '2018-12-16T09:45:18.147883', 'relay_from': 'yoga260', 'status': 'listening', 'device': 'audio'}
on_message esp32-30aea4ff468c/podiumbuttons/status
topic_matches_sub(+/+/+, esp32-30aea4ff468c/podiumbuttons/status)
match
<function relay_message_to_master at 0x76448db0>
HHRAW: esp32-30aea4ff468c/podiumbuttons/status: {"status":"listening","device":"podiumbuttons","time":"2018-12-18T04:48:07"}
DECODED: esp32-30aea4ff468c/podiumbuttons/status: {'time': '2018-12-18T04:48:07', 'device': 'podiumbuttons', 'status': 'listening'}
Relaying to master: esp32-30aea4ff468c/podiumbuttons/status, {'time': '2018-12-18T04:48:07', 'relay_from': 'switch1', 'device': 'podiumbuttons', 'status': 'listening'}
Retain: esp32-30aea4ff468c/podiumbuttons/status
on_message esp32-30aea4ff468c/goldpodium/status
topic_matches_sub(+/+/+, esp32-30aea4ff468c/goldpodium/status)
match
<function relay_message_to_master at 0x76448db0>
HHRAW: esp32-30aea4ff468c/goldpodium/status: {"status":"listening","device":"goldpodium","time":"2018-12-18T04:49:07"}
DECODED: esp32-30aea4ff468c/goldpodium/status: {'time': '2018-12-18T04:49:07', 'device': 'goldpodium', 'status': 'listening'}
Relaying to master: esp32-30aea4ff468c/goldpodium/status, {'time': '2018-12-18T04:49:07', 'relay_from': 'switch1', 'device': 'goldpodium', 'status': 'listening'}
Retain: esp32-30aea4ff468c/goldpodium/status
on_message switch3/podium/status
topic_matches_sub(+/+/+, switch3/podium/status)
match
<function relay_message_to_master at 0x76448db0>
HHRAW: switch3/podium/status: {"time": "2018-12-16T10:10:14.122150", "device": "podium", "status": "listening", "relay_from": "yoga260"}
DECODED: switch3/podium/status: {'time': '2018-12-16T10:10:14.122150', 'relay_from': 'yoga260', 'status': 'listening', 'device': 'podium'}
on_message switch3/relay_from/status
topic_matches_sub(+/+/+, switch3/relay_from/status)
match
<function relay_message_to_master at 0x76448db0>
HHRAW: switch3/relay_from/status: {"time": "2018-12-16T10:10:14.639662", "device": "relay_from", "status": "listening", "relay_from": "yoga260"}
DECODED: switch3/relay_from/status: {'time': '2018-12-16T10:10:14.639662', 'relay_from': 'yoga260', 'status': 'listening', 'device': 'relay_from'}
on_message switch3/neopixel/status
topic_matches_sub(+/+/+, switch3/neopixel/status)
match
<function relay_message_to_master at 0x76448db0>
HHRAW: switch3/neopixel/status: {"time": "2018-12-16T10:10:15.076891", "device": "neopixel", "status": "listening", "relay_from": "yoga260"}
DECODED: switch3/neopixel/status: {'time': '2018-12-16T10:10:15.076891', 'relay_from': 'yoga260', 'status': 'listening', 'device': 'neopixel'}
on_message switch3/audio/status
topic_matches_sub(+/+/+, switch3/audio/status)
match
<function relay_message_to_master at 0x76448db0>
HHRAW: switch3/audio/status: {"time": "2018-12-16T10:10:15.436030", "device": "audio", "status": "listening", "relay_from": "yoga260"}
DECODED: switch3/audio/status: {'time': '2018-12-16T10:10:15.436030', 'relay_from': 'yoga260', 'status': 'listening', 'device': 'audio'}
on_message mqtt.thegame.folly.site/relay_to/status
topic_matches_sub(+/+/+, mqtt.thegame.folly.site/relay_to/status)
match
<function relay_message_to_master at 0x76448db0>
HHRAW: mqtt.thegame.folly.site/relay_to/status: {"time": "2018-12-16T13:10:03.231313", "relay_from": "mqtt.thegame.folly.site", "status": "listening", "device": "relay_to"}
DECODED: mqtt.thegame.folly.site/relay_to/status: {'time': '2018-12-16T13:10:03.231313', 'relay_from': 'mqtt.thegame.folly.site', 'device': 'relay_to', 'status': 'listening'}
on_message switch1/switch1/status
topic_matches_sub(+/+/+, switch1/switch1/status)
match
<function relay_message_to_master at 0x76448db0>
HHRAW: switch1/switch1/status: {"status": "listening", "device": "switch1", "time": "2018-12-18T15:53:11.196749"}
DECODED: switch1/switch1/status: {'time': '2018-12-18T15:53:11.196749', 'device': 'switch1', 'status': 'listening'}
Relaying to master: switch1/switch1/status, {'time': '2018-12-18T15:53:11.196749', 'relay_from': 'switch1', 'device': 'switch1', 'status': 'listening'}
Retain: switch1/switch1/status
on_message switch1/relay_from/status
topic_matches_sub(+/+/+, switch1/relay_from/status)
match
<function relay_message_to_master at 0x76448db0>
HHRAW: switch1/relay_from/status: {"device": "relay_from", "status": "listening", "time": "2018-12-19T08:27:31.379224"}
DECODED: switch1/relay_from/status: {'time': '2018-12-19T08:27:31.379224', 'status': 'listening', 'device': 'relay_from'}
Relaying to master: switch1/relay_from/status, {'time': '2018-12-19T08:27:31.379224', 'relay_from': 'switch1', 'status': 'listening', 'device': 'relay_from'}
Retain: switch1/relay_from/status
on_message esp8266-84f3eb3b7822/orb/status
topic_matches_sub(+/+/+, esp8266-84f3eb3b7822/orb/status)
match
<function relay_message_to_master at 0x76448db0>
HHRAW: esp8266-84f3eb3b7822/orb/status: {"status":"listening","device":"orb","time":"2018-12-18T22:17:54"}
DECODED: esp8266-84f3eb3b7822/orb/status: {'time': '2018-12-18T22:17:54', 'device': 'orb', 'status': 'listening'}
Relaying to master: esp8266-84f3eb3b7822/orb/status, {'time': '2018-12-18T22:17:54', 'relay_from': 'switch1', 'device': 'orb', 'status': 'listening'}
Retain: esp8266-84f3eb3b7822/orb/status
on_message switch1/relay_from/status
topic_matches_sub(+/+/+, switch1/relay_from/status)
match
<function relay_message_to_master at 0x76448db0>
HHRAW: switch1/relay_from/status: {"time": "2018-12-19T08:28:06.510240", "device": "relay_from", "status": "listening"}
DECODED: switch1/relay_from/status: {'time': '2018-12-19T08:28:06.510240', 'status': 'listening', 'device': 'relay_from'}
Relaying to master: switch1/relay_from/status, {'time': '2018-12-19T08:28:06.510240', 'relay_from': 'switch1', 'status': 'listening', 'device': 'relay_from'}
Retain: switch1/relay_from/status
Connection returned result: 
DisConnected result code 1
Connection returned result: 
DisConnected result code 1
Connection returned result: 
DisConnected result code 1
Connection returned result: 
DisConnected result code 1
Connection returned result: 
DisConnected result code 1
Connection returned result: 
DisConnected result code 1
Connection returned result: 
DisConnected result code 1
Connection returned result: 
DisConnected result code 1
Connection returned result: 
DisConnected result code 1
Connection returned result: 
DisConnected result code 1
Connection returned result: 
DisConnected result code 1
Connection returned result: 
DisConnected result code 1
Connection returned result: 
DisConnected result code 1
Connection returned result: 
DisConnected result code 1
Connection returned result: 
DisConnected result code 1
Connection returned result: 
DisConnected result code 1
Connection returned result: 
DisConnected result code 1
Connection returned result: 
DisConnected result code 1
Connection returned result: 
DisConnected result code 1
Connection returned result: 
DisConnected result code 1
Connection returned result: 
DisConnected result code 1
Connection returned result: 
DisConnected result code 1
Connection returned result: 
DisConnected result code 1
Connection returned result: 
DisConnected result code 1
Connection returned result: 
DisConnected result code 1
Connection returned result: 
DisConnected result code 1
Connection returned result: 
DisConnected result code 1
Connection returned result: 
DisConnected result code 1
Connection returned result: 
DisConnected result code 1
Connection returned result: 
DisConnected result code 1
Connection returned result: 
DisConnected result code 1
Connection returned result: 
DisConnected result code 1
Connection returned result: 
DisConnected result code 1
Connection returned result: 
DisConnected result code 1
Connection returned result: 
DisConnected result code 1
Connection returned result: 
DisConnected result code 1
Connection returned result: 
DisConnected result code 1
Connection returned result: 
DisConnected result code 1
Connection returned result: 
DisConnected result code 1
Connection returned result: 
DisConnected result code 1
Connection returned result: 
DisConnected result code 1
Connection returned result: ode 1